c:\users\pinez\source\repos\numericlab1\numericlab1\x64\debug\vc142.pdb
c:\users\pinez\source\repos\numericlab1\numericlab1\x64\debug\.netframework,version=v4.6.1.assemblyattributes.obj
c:\users\pinez\source\repos\numericlab1\numericlab1\x64\debug\numerical.obj
c:\users\pinez\source\repos\numericlab1\numericlab1\x64\debug\mainform.obj
c:\users\pinez\downloads\git\numerical_lab_1\numericlab1\x64\debug\vc142.pdb
c:\users\pinez\downloads\git\numerical_lab_1\numericlab1\x64\debug\.netframework,version=v4.6.1.assemblyattributes.obj
c:\users\pinez\downloads\git\numerical_lab_1\numericlab1\x64\debug\numerical.obj
c:\users\pinez\downloads\git\numerical_lab_1\numericlab1\x64\debug\mainform.obj
c:\users\pinez\source\repos\numericlab1\x64\debug\numericlab1.exe
c:\users\pinez\source\repos\numericlab1\x64\debug\numericlab1.pdb
c:\users\pinez\downloads\git\numerical_lab_1\x64\debug\numericlab1.exe
c:\users\pinez\downloads\git\numerical_lab_1\x64\debug\numericlab1.pdb
c:\users\pinez\source\repos\numericlab1\numericlab1\x64\debug\numericlab1.mainform.resources
c:\users\pinez\source\repos\numericlab1\numericlab1\x64\debug\numericlab1.resource.resources
c:\users\pinez\downloads\git\numerical_lab_1\numericlab1\x64\debug\numericlab1.mainform.resources
c:\users\pinez\downloads\git\numerical_lab_1\numericlab1\x64\debug\numericlab1.resource.resources
c:\users\pinez\downloads\git\numerical_lab_1\numericlab1\x64\debug\numericlab1.tlog\cl.command.1.tlog
c:\users\pinez\downloads\git\numerical_lab_1\numericlab1\x64\debug\numericlab1.tlog\cl.read.1.tlog
c:\users\pinez\downloads\git\numerical_lab_1\numericlab1\x64\debug\numericlab1.tlog\cl.write.1.tlog
c:\users\pinez\downloads\git\numerical_lab_1\numericlab1\x64\debug\numericlab1.tlog\link.command.1.tlog
c:\users\pinez\downloads\git\numerical_lab_1\numericlab1\x64\debug\numericlab1.tlog\link.read.1.tlog
c:\users\pinez\downloads\git\numerical_lab_1\numericlab1\x64\debug\numericlab1.tlog\link.write.1.tlog
c:\users\pinez\downloads\git\numerical_lab_1\numericlab1\x64\debug\numericlab1.tlog\metagen.read.1.tlog
c:\users\pinez\downloads\git\numerical_lab_1\numericlab1\x64\debug\numericlab1.tlog\metagen.write.1.tlog
c:\users\pinez\downloads\git\numerical_lab_1\numericlab1\x64\debug\numericlab1.tlog\numericlab1.write.1u.tlog
